d:\desktop\battle city\game\battlecity\x64\debug\vc142.pdb
d:\desktop\battle city\game\battlecity\x64\debug\vc142.idb
d:\desktop\battle city\game\battlecity\x64\debug\tankplayer.obj
d:\desktop\battle city\game\battlecity\x64\debug\tank.obj
d:\desktop\battle city\game\battlecity\x64\debug\sprites.obj
d:\desktop\battle city\game\battlecity\x64\debug\screen.obj
d:\desktop\battle city\game\battlecity\x64\debug\phoenixandflag.obj
d:\desktop\battle city\game\battlecity\x64\debug\objectlistiterator.obj
d:\desktop\battle city\game\battlecity\x64\debug\objectlist.obj
d:\desktop\battle city\game\battlecity\x64\debug\object.obj
d:\desktop\battle city\game\battlecity\x64\debug\manager.obj
d:\desktop\battle city\game\battlecity\x64\debug\gamemanager.obj
d:\desktop\battle city\game\battlecity\x64\debug\game.obj
d:\desktop\battle city\game\battlecity\x64\debug\eventstep.obj
d:\desktop\battle city\game\battlecity\x64\debug\eventout.obj
d:\desktop\battle city\game\battlecity\x64\debug\eventmouse.obj
d:\desktop\battle city\game\battlecity\x64\debug\eventkeyboard.obj
d:\desktop\battle city\game\battlecity\x64\debug\eventcollision.obj
d:\desktop\battle city\game\battlecity\x64\debug\event.obj
d:\desktop\battle city\game\battlecity\x64\debug\clock.obj
d:\desktop\battle city\game\battlecity\x64\debug\bullet.obj
d:\desktop\battle city\game\battlecity\x64\debug\box.obj
d:\desktop\battle city\game\battlecity\x64\debug\worldmanager.obj
d:\desktop\battle city\game\battlecity\x64\debug\wall.obj
d:\desktop\battle city\game\battlecity\x64\debug\vector.obj
d:\desktop\battle city\game\battlecity\x64\debug\utility.obj
d:\desktop\battle city\game\battlecity\x64\debug\explosion.obj
d:\desktop\battle city\game\battlecity\x64\debug\powerup.obj
d:\desktop\battle city\game\battlecity\x64\debug\battlecity.exe
d:\desktop\battle city\game\battlecity\x64\debug\battlecity.ilk
d:\desktop\battle city\game\battlecity\x64\debug\battlecity.pdb
d:\desktop\programming\battlecity\x64\debug\box.obj
d:\desktop\programming\battlecity\x64\debug\bullet.obj
d:\desktop\programming\battlecity\x64\debug\clock.obj
d:\desktop\programming\battlecity\x64\debug\event.obj
d:\desktop\programming\battlecity\x64\debug\eventcollision.obj
d:\desktop\programming\battlecity\x64\debug\eventkeyboard.obj
d:\desktop\programming\battlecity\x64\debug\eventmouse.obj
d:\desktop\programming\battlecity\x64\debug\eventout.obj
d:\desktop\programming\battlecity\x64\debug\eventstep.obj
d:\desktop\programming\battlecity\x64\debug\explosion.obj
d:\desktop\programming\battlecity\x64\debug\game.obj
d:\desktop\programming\battlecity\x64\debug\gamemanager.obj
d:\desktop\programming\battlecity\x64\debug\manager.obj
d:\desktop\programming\battlecity\x64\debug\object.obj
d:\desktop\programming\battlecity\x64\debug\objectlist.obj
d:\desktop\programming\battlecity\x64\debug\objectlistiterator.obj
d:\desktop\programming\battlecity\x64\debug\phoenixandflag.obj
d:\desktop\programming\battlecity\x64\debug\powerup.obj
d:\desktop\programming\battlecity\x64\debug\screen.obj
d:\desktop\programming\battlecity\x64\debug\sprites.obj
d:\desktop\programming\battlecity\x64\debug\tank.obj
d:\desktop\programming\battlecity\x64\debug\tankplayer.obj
d:\desktop\programming\battlecity\x64\debug\utility.obj
d:\desktop\programming\battlecity\x64\debug\vector.obj
d:\desktop\programming\battlecity\x64\debug\wall.obj
d:\desktop\programming\battlecity\x64\debug\worldmanager.obj
d:\desktop\programming\battlecity\x64\debug\battlecity.ilk
d:\desktop\programming\battlecity\x64\debug\unittestproject.exp
d:\desktop\programming\battlecity\x64\debug\vc142.idb
d:\desktop\programming\battlecity\x64\debug\vc143.idb
d:\desktop\programming\battlecity\x64\debug\battlecity.pdb
d:\desktop\programming\battlecity\x64\debug\unittestproject.pdb
d:\desktop\programming\battlecity\x64\debug\vc142.pdb
d:\desktop\programming\battlecity\x64\debug\vc143.pdb
d:\desktop\programming\battlecity\x64\debug\box.nativecodeanalysis.xml
d:\desktop\programming\battlecity\x64\debug\bullet.nativecodeanalysis.xml
d:\desktop\programming\battlecity\x64\debug\clock.nativecodeanalysis.xml
d:\desktop\programming\battlecity\x64\debug\event.nativecodeanalysis.xml
d:\desktop\programming\battlecity\x64\debug\eventcollision.nativecodeanalysis.xml
d:\desktop\programming\battlecity\x64\debug\eventkeyboard.nativecodeanalysis.xml
d:\desktop\programming\battlecity\x64\debug\eventmouse.nativecodeanalysis.xml
d:\desktop\programming\battlecity\x64\debug\eventout.nativecodeanalysis.xml
d:\desktop\programming\battlecity\x64\debug\eventstep.nativecodeanalysis.xml
d:\desktop\programming\battlecity\x64\debug\game.nativecodeanalysis.xml
d:\desktop\programming\battlecity\x64\debug\gamemanager.nativecodeanalysis.xml
d:\desktop\programming\battlecity\x64\debug\manager.nativecodeanalysis.xml
d:\desktop\programming\battlecity\x64\debug\object.nativecodeanalysis.xml
d:\desktop\programming\battlecity\x64\debug\objectlist.nativecodeanalysis.xml
d:\desktop\programming\battlecity\x64\debug\objectlistiterator.nativecodeanalysis.xml
d:\desktop\programming\battlecity\x64\debug\phoenixandflag.nativecodeanalysis.xml
d:\desktop\programming\battlecity\x64\debug\screen.nativecodeanalysis.xml
d:\desktop\programming\battlecity\x64\debug\sprites.nativecodeanalysis.xml
d:\desktop\programming\battlecity\x64\debug\tank.nativecodeanalysis.xml
d:\desktop\programming\battlecity\x64\debug\tankplayer.nativecodeanalysis.xml
d:\desktop\programming\battlecity\x64\debug\utility.nativecodeanalysis.xml
d:\desktop\programming\battlecity\x64\debug\vc.nativecodeanalysis.all.xml
d:\desktop\programming\battlecity\x64\debug\vector.nativecodeanalysis.xml
d:\desktop\programming\battlecity\x64\debug\wall.nativecodeanalysis.xml
d:\desktop\programming\battlecity\x64\debug\worldmanager.nativecodeanalysis.xml
d:\desktop\programming\battlecity\x64\debug\battlecity.exe
d:\desktop\programming\battlecity\x64\debug\battlecity.tlog\cl.command.1.tlog
d:\desktop\programming\battlecity\x64\debug\battlecity.tlog\cl.read.1.tlog
d:\desktop\programming\battlecity\x64\debug\battlecity.tlog\cl.write.1.tlog
d:\desktop\programming\battlecity\x64\debug\battlecity.tlog\link.command.1.tlog
d:\desktop\programming\battlecity\x64\debug\battlecity.tlog\link.read.1.tlog
d:\desktop\programming\battlecity\x64\debug\battlecity.tlog\link.write.1.tlog
